<?xml version="1.0" encoding="UTF-8"?>
<!-- Generated by org.testng.reporters.JUnitReportReporter -->
<testsuite hostname="SurfacePro3" failures="0" tests="3" name="com.testng.interview.practice.SmokeTetWithTestNG" time="0.017" errors="0" timestamp="2023-04-15T01:28:52 EDT" skipped="1">
  <testcase classname="com.testng.interview.practice.SmokeTetWithTestNG" name="test1" time="0.013"/>
  <system-out/>
  <testcase classname="com.testng.interview.practice.SmokeTetWithTestNG" name="test2" time="0.004"/>
  <system-out/>
  <testcase classname="com.testng.interview.practice.SmokeTetWithTestNG" name="test3">
    <skipped/>
  </testcase> <!-- test3 -->
  <system-out/>
</testsuite> <!-- com.testng.interview.practice.SmokeTetWithTestNG -->
