<?xml version="1.0" encoding="UTF-8"?>
<!-- Generated by org.testng.reporters.JUnitReportReporter -->
<testsuite hostname="ASROCK-Desktop" failures="0" tests="1" name="com.cucumber.test.CucumberRunner" time="12.925" errors="0" timestamp="2023-05-01T23:36:59 EDT" skipped="0">
  <testcase classname="com.cucumber.test.CucumberRunner" name="runScenario" time="12.925"/>
  <system-out/>
</testsuite> <!-- com.cucumber.test.CucumberRunner -->
